Scan finished at Tue 02/17/2026 11:48:23.51 with exit code 4 
Scan finished at Tue 02/17/2026 11:53:46.79 with exit code 0 
Scan finished at Tue 02/17/2026 12:03:41.66 with exit code 0 
Scan finished at Tue 02/17/2026 12:10:20.28 with exit code 0 
Scan finished at Tue 02/17/2026 12:25:05.82 with exit code 2 
Scan finished at Tue 02/17/2026 12:41:14.03 with exit code 0 
Scan finished at Tue 02/17/2026 12:55:00.39 with exit code 0 
Scan finished at Wed 02/18/2026  7:03:01.69 with exit code 1 
Scan finished at Wed 02/18/2026 10:51:59.32 with exit code 1 
Scan finished at Wed 02/18/2026 11:29:24.15 with exit code 1 
Scan finished at Wed 02/18/2026 11:43:13.54 with exit code 0 
Scan finished at Wed 02/18/2026 11:50:31.65 with exit code 0 
Scan finished at Wed 02/18/2026 11:55:22.93 with exit code 0 
Scan finished at Thu 02/19/2026  7:02:46.96 with exit code 0 
Scan finished at Fri 02/20/2026  7:02:43.05 with exit code 0 
Scan finished at Sat 02/21/2026  7:03:11.31 with exit code 0 
Scan finished at Sun 02/22/2026  7:03:07.12 with exit code 0 
Scan finished at Mon 02/23/2026  7:02:58.58 with exit code 0 
Scan finished at Tue 02/24/2026  7:02:54.77 with exit code 0 
Scan finished at Wed 02/25/2026  7:03:02.83 with exit code 0 
Scan finished at Thu 02/26/2026  7:02:50.74 with exit code 0 
Scan finished at Fri 02/27/2026  7:03:10.01 with exit code 0 
Scan finished at Sat 02/28/2026  7:03:27.68 with exit code 0 
Scan finished at Sun 03/01/2026  7:03:00.58 with exit code 0 
Scan finished at Mon 03/02/2026  7:02:59.45 with exit code 0 
Scan finished at Tue 03/03/2026  7:03:48.40 with exit code 0 
Scan finished at Wed 03/04/2026  7:03:19.51 with exit code 0 
Scan finished at Thu 03/05/2026  7:04:08.58 with exit code 0 
Scan finished at Fri 03/06/2026  7:03:34.19 with exit code 0 
Scan finished at Sat 03/07/2026  7:03:23.27 with exit code 0 
Scan finished at Sun 03/08/2026  7:03:42.12 with exit code 0 
Scan finished at Mon 03/09/2026  7:03:34.00 with exit code 1 
Scan finished at Tue 03/10/2026  7:03:44.87 with exit code 1 
Scan finished at Wed 03/11/2026  7:07:41.96 with exit code 0 
Scan finished at Thu 03/12/2026  7:03:59.60 with exit code 0 
Scan finished at Fri 03/13/2026  7:06:27.36 with exit code 0 
Scan finished at Sat 03/14/2026  7:06:23.74 with exit code 0 
Scan finished at Sun 03/15/2026  7:03:26.06 with exit code 0 
Scan finished at Sun 03/15/2026 10:29:08.05 with exit code 0 
Scan finished at Mon 03/16/2026  7:03:52.17 with exit code 1 
