2026-03-04 07:00:57,874 - INFO - 🚀 STARTING Full System Flow Scan on PROD
2026-03-04 07:00:57,906 - INFO - 🔹 Step 1: Navigating to Daycare
2026-03-04 07:00:57,912 - INFO - 🔍 Checking: Daycare Main -> https://my.rishonlezion.muni.il/daycare/
2026-03-04 07:00:59,404 - INFO - ✅ Link OK: Daycare Main
2026-03-04 07:01:26,692 - INFO - 🔹 Step 2: Navigating to Education
2026-03-04 07:01:26,698 - INFO - 🔍 Checking: Education Main -> https://my.rishonlezion.muni.il/education/
2026-03-04 07:01:32,036 - INFO - ✅ Link OK: Education Main
2026-03-04 07:02:19,981 - INFO -   - Checking Education Tab: תיק תלמיד
2026-03-04 07:02:43,210 - INFO -     ✅ Login Successful
2026-03-04 07:03:02,777 - INFO -   - Checking Education Tab: תשלומים
2026-03-04 07:03:05,498 - INFO -   - Checking Education Tab: רישום חינוך יסודי
2026-03-04 07:03:08,216 - INFO - 🔹 Step 3: Checking Enforcement
2026-03-04 07:03:08,223 - INFO - 🔍 Checking: Enforcement Main -> https://my.rishonlezion.muni.il/enforcement/
2026-03-04 07:03:09,521 - INFO - ✅ Link OK: Enforcement Main
2026-03-04 07:03:10,222 - INFO - 🔹 Step 4: Checking Parking
2026-03-04 07:03:10,227 - INFO - 🔍 Checking: Parking Main -> https://my.rishonlezion.muni.il/parking/
2026-03-04 07:03:11,065 - INFO - ✅ Link OK: Parking Main
2026-03-04 07:03:11,664 - INFO - 🔹 Step 5: Checking Street Info (GIS)
2026-03-04 07:03:11,669 - INFO - 🔍 Checking: Street Info Main -> https://my.rishonlezion.muni.il/street-info/
2026-03-04 07:03:12,495 - INFO - ✅ Link OK: Street Info Main
2026-03-04 07:03:16,586 - INFO - 🔹 Step 6: Checking Water Interface
2026-03-04 07:03:16,593 - INFO - 🔍 Checking: Water Main -> https://my.rishonlezion.muni.il/water/
2026-03-04 07:03:17,488 - INFO - ✅ Link OK: Water Main
2026-03-04 07:03:18,000 - INFO - 🎉 COMPLETED SUCCESSFULLY - Full system is healthy
