2026-02-27 07:00:49,616 - INFO - 🚀 STARTING Full System Flow Scan on PROD
2026-02-27 07:00:49,641 - INFO - 🔹 Step 1: Navigating to Daycare
2026-02-27 07:00:49,645 - INFO - 🔍 Checking: Daycare Main -> https://my.rishonlezion.muni.il/daycare/
2026-02-27 07:00:50,848 - INFO - ✅ Link OK: Daycare Main
2026-02-27 07:01:04,501 - INFO - 🔹 Step 2: Navigating to Education
2026-02-27 07:01:04,506 - INFO - 🔍 Checking: Education Main -> https://my.rishonlezion.muni.il/education/
2026-02-27 07:01:05,854 - INFO - ✅ Link OK: Education Main
2026-02-27 07:01:50,001 - INFO -   - Checking Education Tab: תיק תלמיד
2026-02-27 07:02:32,514 - INFO -     ✅ Login Successful
2026-02-27 07:02:52,106 - INFO -   - Checking Education Tab: תשלומים
2026-02-27 07:02:54,794 - INFO -   - Checking Education Tab: רישום חינוך יסודי
2026-02-27 07:02:57,415 - INFO - 🔹 Step 3: Checking Enforcement
2026-02-27 07:02:57,422 - INFO - 🔍 Checking: Enforcement Main -> https://my.rishonlezion.muni.il/enforcement/
2026-02-27 07:02:58,784 - INFO - ✅ Link OK: Enforcement Main
2026-02-27 07:02:59,315 - INFO - 🔹 Step 4: Checking Parking
2026-02-27 07:02:59,319 - INFO - 🔍 Checking: Parking Main -> https://my.rishonlezion.muni.il/parking/
2026-02-27 07:03:00,135 - INFO - ✅ Link OK: Parking Main
2026-02-27 07:03:00,651 - INFO - 🔹 Step 5: Checking Street Info (GIS)
2026-02-27 07:03:00,654 - INFO - 🔍 Checking: Street Info Main -> https://my.rishonlezion.muni.il/street-info/
2026-02-27 07:03:01,442 - INFO - ✅ Link OK: Street Info Main
2026-02-27 07:03:06,036 - INFO - 🔹 Step 6: Checking Water Interface
2026-02-27 07:03:06,043 - INFO - 🔍 Checking: Water Main -> https://my.rishonlezion.muni.il/water/
2026-02-27 07:03:06,957 - INFO - ✅ Link OK: Water Main
2026-02-27 07:03:07,499 - INFO - 🎉 COMPLETED SUCCESSFULLY - Full system is healthy
