2026-02-26 07:01:25,512 - INFO - 🚀 STARTING Full System Flow Scan on PROD
2026-02-26 07:01:25,546 - INFO - 🔹 Step 1: Navigating to Daycare
2026-02-26 07:01:25,554 - INFO - 🔍 Checking: Daycare Main -> https://my.rishonlezion.muni.il/daycare/
2026-02-26 07:01:30,365 - INFO - ✅ Link OK: Daycare Main
2026-02-26 07:01:38,397 - INFO - 🔹 Step 2: Navigating to Education
2026-02-26 07:01:38,403 - INFO - 🔍 Checking: Education Main -> https://my.rishonlezion.muni.il/education/
2026-02-26 07:01:41,274 - INFO - ✅ Link OK: Education Main
2026-02-26 07:01:58,325 - INFO -   - Checking Education Tab: תיק תלמיד
2026-02-26 07:02:18,831 - INFO -     ✅ Login Successful
2026-02-26 07:02:34,825 - INFO -   - Checking Education Tab: תשלומים
2026-02-26 07:02:37,529 - INFO -   - Checking Education Tab: רישום חינוך יסודי
2026-02-26 07:02:40,184 - INFO - 🔹 Step 3: Checking Enforcement
2026-02-26 07:02:40,191 - INFO - 🔍 Checking: Enforcement Main -> https://my.rishonlezion.muni.il/enforcement/
2026-02-26 07:02:41,318 - INFO - ✅ Link OK: Enforcement Main
2026-02-26 07:02:41,877 - INFO - 🔹 Step 4: Checking Parking
2026-02-26 07:02:41,883 - INFO - 🔍 Checking: Parking Main -> https://my.rishonlezion.muni.il/parking/
2026-02-26 07:02:42,667 - INFO - ✅ Link OK: Parking Main
2026-02-26 07:02:43,115 - INFO - 🔹 Step 5: Checking Street Info (GIS)
2026-02-26 07:02:43,121 - INFO - 🔍 Checking: Street Info Main -> https://my.rishonlezion.muni.il/street-info/
2026-02-26 07:02:43,881 - INFO - ✅ Link OK: Street Info Main
2026-02-26 07:02:48,027 - INFO - 🔹 Step 6: Checking Water Interface
2026-02-26 07:02:48,039 - INFO - 🔍 Checking: Water Main -> https://my.rishonlezion.muni.il/water/
2026-02-26 07:02:49,006 - INFO - ✅ Link OK: Water Main
2026-02-26 07:02:49,620 - INFO - 🎉 COMPLETED SUCCESSFULLY - Full system is healthy
