2026-03-07 07:01:31,429 - INFO - 🚀 STARTING Full System Flow Scan on PROD
2026-03-07 07:01:31,504 - INFO - 🔹 Step 1: Navigating to Daycare
2026-03-07 07:01:31,509 - INFO - 🔍 Checking: Daycare Main -> https://my.rishonlezion.muni.il/daycare/
2026-03-07 07:01:33,654 - INFO - ✅ Link OK: Daycare Main
2026-03-07 07:01:56,898 - INFO - 🔹 Step 2: Navigating to Education
2026-03-07 07:01:56,904 - INFO - 🔍 Checking: Education Main -> https://my.rishonlezion.muni.il/education/
2026-03-07 07:01:59,515 - INFO - ✅ Link OK: Education Main
2026-03-07 07:02:27,474 - INFO -   - Checking Education Tab: תיק תלמיד
2026-03-07 07:02:48,750 - INFO -     ✅ Login Successful
2026-03-07 07:03:07,272 - INFO -   - Checking Education Tab: תשלומים
2026-03-07 07:03:09,939 - INFO -   - Checking Education Tab: רישום חינוך יסודי
2026-03-07 07:03:12,588 - INFO - 🔹 Step 3: Checking Enforcement
2026-03-07 07:03:12,593 - INFO - 🔍 Checking: Enforcement Main -> https://my.rishonlezion.muni.il/enforcement/
2026-03-07 07:03:13,812 - INFO - ✅ Link OK: Enforcement Main
2026-03-07 07:03:14,384 - INFO - 🔹 Step 4: Checking Parking
2026-03-07 07:03:14,388 - INFO - 🔍 Checking: Parking Main -> https://my.rishonlezion.muni.il/parking/
2026-03-07 07:03:15,296 - INFO - ✅ Link OK: Parking Main
2026-03-07 07:03:15,826 - INFO - 🔹 Step 5: Checking Street Info (GIS)
2026-03-07 07:03:15,830 - INFO - 🔍 Checking: Street Info Main -> https://my.rishonlezion.muni.il/street-info/
2026-03-07 07:03:16,680 - INFO - ✅ Link OK: Street Info Main
2026-03-07 07:03:20,202 - INFO - 🔹 Step 6: Checking Water Interface
2026-03-07 07:03:20,206 - INFO - 🔍 Checking: Water Main -> https://my.rishonlezion.muni.il/water/
2026-03-07 07:03:21,410 - INFO - ✅ Link OK: Water Main
2026-03-07 07:03:21,846 - INFO - 🎉 COMPLETED SUCCESSFULLY - Full system is healthy
