2026-03-08 07:01:32,214 - INFO - 🚀 STARTING Full System Flow Scan on PROD
2026-03-08 07:01:32,254 - INFO - 🔹 Step 1: Navigating to Daycare
2026-03-08 07:01:32,260 - INFO - 🔍 Checking: Daycare Main -> https://my.rishonlezion.muni.il/daycare/
2026-03-08 07:01:33,430 - INFO - ✅ Link OK: Daycare Main
2026-03-08 07:01:48,466 - INFO - 🔹 Step 2: Navigating to Education
2026-03-08 07:01:48,473 - INFO - 🔍 Checking: Education Main -> https://my.rishonlezion.muni.il/education/
2026-03-08 07:01:50,655 - INFO - ✅ Link OK: Education Main
2026-03-08 07:02:43,598 - INFO -   - Checking Education Tab: תיק תלמיד
2026-03-08 07:03:01,849 - INFO -     ✅ Login Successful
2026-03-08 07:03:22,991 - INFO -   - Checking Education Tab: תשלומים
2026-03-08 07:03:25,718 - INFO -   - Checking Education Tab: רישום חינוך יסודי
2026-03-08 07:03:28,384 - INFO - 🔹 Step 3: Checking Enforcement
2026-03-08 07:03:28,393 - INFO - 🔍 Checking: Enforcement Main -> https://my.rishonlezion.muni.il/enforcement/
2026-03-08 07:03:29,524 - INFO - ✅ Link OK: Enforcement Main
2026-03-08 07:03:30,068 - INFO - 🔹 Step 4: Checking Parking
2026-03-08 07:03:30,072 - INFO - 🔍 Checking: Parking Main -> https://my.rishonlezion.muni.il/parking/
2026-03-08 07:03:30,846 - INFO - ✅ Link OK: Parking Main
2026-03-08 07:03:31,387 - INFO - 🔹 Step 5: Checking Street Info (GIS)
2026-03-08 07:03:31,391 - INFO - 🔍 Checking: Street Info Main -> https://my.rishonlezion.muni.il/street-info/
2026-03-08 07:03:32,190 - INFO - ✅ Link OK: Street Info Main
2026-03-08 07:03:36,095 - INFO - 🔹 Step 6: Checking Water Interface
2026-03-08 07:03:36,099 - INFO - 🔍 Checking: Water Main -> https://my.rishonlezion.muni.il/water/
2026-03-08 07:03:37,004 - INFO - ✅ Link OK: Water Main
2026-03-08 07:03:37,423 - INFO - 🎉 COMPLETED SUCCESSFULLY - Full system is healthy
