2026-02-20 07:00:52,112 - INFO - 🚀 STARTING Full System Flow Scan on PROD
2026-02-20 07:00:52,164 - INFO - 🔹 Step 1: Navigating to Daycare
2026-02-20 07:00:52,171 - INFO - 🔍 Checking: Daycare Main -> https://my.rishonlezion.muni.il/daycare/
2026-02-20 07:00:53,497 - INFO - ✅ Link OK: Daycare Main
2026-02-20 07:01:09,226 - INFO - 🔹 Step 2: Navigating to Education
2026-02-20 07:01:09,234 - INFO - 🔍 Checking: Education Main -> https://my.rishonlezion.muni.il/education/
2026-02-20 07:01:12,439 - INFO - ✅ Link OK: Education Main
2026-02-20 07:01:45,996 - INFO -   - Checking Education Tab: תיק תלמיד
2026-02-20 07:02:05,969 - INFO -     ✅ Login Successful
2026-02-20 07:02:24,634 - INFO -   - Checking Education Tab: תשלומים
2026-02-20 07:02:27,349 - INFO -   - Checking Education Tab: רישום חינוך יסודי
2026-02-20 07:02:30,064 - INFO - 🔹 Step 3: Checking Enforcement
2026-02-20 07:02:30,072 - INFO - 🔍 Checking: Enforcement Main -> https://my.rishonlezion.muni.il/enforcement/
2026-02-20 07:02:31,255 - INFO - ✅ Link OK: Enforcement Main
2026-02-20 07:02:32,103 - INFO - 🔹 Step 4: Checking Parking
2026-02-20 07:02:32,108 - INFO - 🔍 Checking: Parking Main -> https://my.rishonlezion.muni.il/parking/
2026-02-20 07:02:32,860 - INFO - ✅ Link OK: Parking Main
2026-02-20 07:02:33,388 - INFO - 🔹 Step 5: Checking Street Info (GIS)
2026-02-20 07:02:33,393 - INFO - 🔍 Checking: Street Info Main -> https://my.rishonlezion.muni.il/street-info/
2026-02-20 07:02:34,179 - INFO - ✅ Link OK: Street Info Main
2026-02-20 07:02:38,746 - INFO - 🔹 Step 6: Checking Water Interface
2026-02-20 07:02:38,752 - INFO - 🔍 Checking: Water Main -> https://my.rishonlezion.muni.il/water/
2026-02-20 07:02:41,557 - INFO - ✅ Link OK: Water Main
2026-02-20 07:02:41,957 - INFO - 🎉 COMPLETED SUCCESSFULLY - Full system is healthy
