2026-02-23 07:00:58,223 - INFO - 🚀 STARTING Full System Flow Scan on PROD
2026-02-23 07:00:58,261 - INFO - 🔹 Step 1: Navigating to Daycare
2026-02-23 07:00:58,266 - INFO - 🔍 Checking: Daycare Main -> https://my.rishonlezion.muni.il/daycare/
2026-02-23 07:00:59,596 - INFO - ✅ Link OK: Daycare Main
2026-02-23 07:01:29,401 - INFO - 🔹 Step 2: Navigating to Education
2026-02-23 07:01:29,408 - INFO - 🔍 Checking: Education Main -> https://my.rishonlezion.muni.il/education/
2026-02-23 07:01:30,612 - INFO - ✅ Link OK: Education Main
2026-02-23 07:02:02,240 - INFO -   - Checking Education Tab: תיק תלמיד
2026-02-23 07:02:20,813 - INFO -     ✅ Login Successful
2026-02-23 07:02:41,141 - INFO -   - Checking Education Tab: תשלומים
2026-02-23 07:02:43,817 - INFO -   - Checking Education Tab: רישום חינוך יסודי
2026-02-23 07:02:46,474 - INFO - 🔹 Step 3: Checking Enforcement
2026-02-23 07:02:46,479 - INFO - 🔍 Checking: Enforcement Main -> https://my.rishonlezion.muni.il/enforcement/
2026-02-23 07:02:47,688 - INFO - ✅ Link OK: Enforcement Main
2026-02-23 07:02:48,398 - INFO - 🔹 Step 4: Checking Parking
2026-02-23 07:02:48,403 - INFO - 🔍 Checking: Parking Main -> https://my.rishonlezion.muni.il/parking/
2026-02-23 07:02:49,159 - INFO - ✅ Link OK: Parking Main
2026-02-23 07:02:49,590 - INFO - 🔹 Step 5: Checking Street Info (GIS)
2026-02-23 07:02:49,596 - INFO - 🔍 Checking: Street Info Main -> https://my.rishonlezion.muni.il/street-info/
2026-02-23 07:02:50,361 - INFO - ✅ Link OK: Street Info Main
2026-02-23 07:02:54,310 - INFO - 🔹 Step 6: Checking Water Interface
2026-02-23 07:02:54,337 - INFO - 🔍 Checking: Water Main -> https://my.rishonlezion.muni.il/water/
2026-02-23 07:02:56,580 - INFO - ✅ Link OK: Water Main
2026-02-23 07:02:57,156 - INFO - 🎉 COMPLETED SUCCESSFULLY - Full system is healthy
