2026-03-03 07:00:55,103 - INFO - 🚀 STARTING Full System Flow Scan on PROD
2026-03-03 07:00:55,121 - INFO - 🔹 Step 1: Navigating to Daycare
2026-03-03 07:00:55,126 - INFO - 🔍 Checking: Daycare Main -> https://my.rishonlezion.muni.il/daycare/
2026-03-03 07:00:56,409 - INFO - ✅ Link OK: Daycare Main
2026-03-03 07:01:07,043 - INFO - 🔹 Step 2: Navigating to Education
2026-03-03 07:01:07,050 - INFO - 🔍 Checking: Education Main -> https://my.rishonlezion.muni.il/education/
2026-03-03 07:01:08,823 - INFO - ✅ Link OK: Education Main
2026-03-03 07:01:27,389 - INFO -   - Checking Education Tab: תיק תלמיד
2026-03-03 07:01:49,350 - INFO -     ✅ Login Successful
2026-03-03 07:03:08,278 - INFO -   - Checking Education Tab: תשלומים
2026-03-03 07:03:10,946 - INFO -   - Checking Education Tab: רישום חינוך יסודי
2026-03-03 07:03:13,617 - INFO - 🔹 Step 3: Checking Enforcement
2026-03-03 07:03:13,622 - INFO - 🔍 Checking: Enforcement Main -> https://my.rishonlezion.muni.il/enforcement/
2026-03-03 07:03:14,950 - INFO - ✅ Link OK: Enforcement Main
2026-03-03 07:03:15,634 - INFO - 🔹 Step 4: Checking Parking
2026-03-03 07:03:15,639 - INFO - 🔍 Checking: Parking Main -> https://my.rishonlezion.muni.il/parking/
2026-03-03 07:03:16,420 - INFO - ✅ Link OK: Parking Main
2026-03-03 07:03:16,912 - INFO - 🔹 Step 5: Checking Street Info (GIS)
2026-03-03 07:03:16,916 - INFO - 🔍 Checking: Street Info Main -> https://my.rishonlezion.muni.il/street-info/
2026-03-03 07:03:17,954 - INFO - ✅ Link OK: Street Info Main
2026-03-03 07:03:23,613 - INFO - 🔹 Step 6: Checking Water Interface
2026-03-03 07:03:23,620 - INFO - 🔍 Checking: Water Main -> https://my.rishonlezion.muni.il/water/
2026-03-03 07:03:37,014 - INFO - ✅ Link OK: Water Main
2026-03-03 07:03:44,484 - INFO - 🎉 COMPLETED SUCCESSFULLY - Full system is healthy
