2026-02-21 07:01:17,088 - INFO - 🚀 STARTING Full System Flow Scan on PROD
2026-02-21 07:01:17,128 - INFO - 🔹 Step 1: Navigating to Daycare
2026-02-21 07:01:17,133 - INFO - 🔍 Checking: Daycare Main -> https://my.rishonlezion.muni.il/daycare/
2026-02-21 07:01:18,746 - INFO - ✅ Link OK: Daycare Main
2026-02-21 07:01:41,528 - INFO - 🔹 Step 2: Navigating to Education
2026-02-21 07:01:41,535 - INFO - 🔍 Checking: Education Main -> https://my.rishonlezion.muni.il/education/
2026-02-21 07:01:45,017 - INFO - ✅ Link OK: Education Main
2026-02-21 07:02:10,608 - INFO -   - Checking Education Tab: תיק תלמיד
2026-02-21 07:02:30,130 - INFO -     ✅ Login Successful
2026-02-21 07:02:52,038 - INFO -   - Checking Education Tab: תשלומים
2026-02-21 07:02:54,726 - INFO -   - Checking Education Tab: רישום חינוך יסודי
2026-02-21 07:02:57,789 - INFO - 🔹 Step 3: Checking Enforcement
2026-02-21 07:02:57,795 - INFO - 🔍 Checking: Enforcement Main -> https://my.rishonlezion.muni.il/enforcement/
2026-02-21 07:02:59,178 - INFO - ✅ Link OK: Enforcement Main
2026-02-21 07:02:59,761 - INFO - 🔹 Step 4: Checking Parking
2026-02-21 07:02:59,766 - INFO - 🔍 Checking: Parking Main -> https://my.rishonlezion.muni.il/parking/
2026-02-21 07:03:00,600 - INFO - ✅ Link OK: Parking Main
2026-02-21 07:03:01,194 - INFO - 🔹 Step 5: Checking Street Info (GIS)
2026-02-21 07:03:01,198 - INFO - 🔍 Checking: Street Info Main -> https://my.rishonlezion.muni.il/street-info/
2026-02-21 07:03:02,005 - INFO - ✅ Link OK: Street Info Main
2026-02-21 07:03:07,534 - INFO - 🔹 Step 6: Checking Water Interface
2026-02-21 07:03:07,540 - INFO - 🔍 Checking: Water Main -> https://my.rishonlezion.muni.il/water/
2026-02-21 07:03:09,777 - INFO - ✅ Link OK: Water Main
2026-02-21 07:03:10,262 - INFO - 🎉 COMPLETED SUCCESSFULLY - Full system is healthy
