2026-02-18 11:27:51,629 - INFO - 🚀 STARTING Full System Flow Scan on PROD
2026-02-18 11:29:21,435 - ERROR - 🚩 RED FLAG at step: ❌ Popup failed to load or validation text ('יום א' אחת לשבועיים') is missing.
2026-02-18 11:39:49,765 - INFO - 🚀 STARTING Full System Flow Scan on PROD
2026-02-18 11:42:59,808 - INFO - 🎉 COMPLETED SUCCESSFULLY
2026-02-18 11:47:41,602 - INFO - 🚀 STARTING Full System Flow Scan on PROD
2026-02-18 11:50:27,077 - INFO - 🎉 COMPLETED SUCCESSFULLY
2026-02-18 11:54:16,809 - INFO - 🚀 STARTING Full System Flow Scan on PROD
2026-02-18 11:54:16,830 - INFO - 🔹 Step 1: Navigating to Daycare
2026-02-18 11:54:16,834 - INFO - 🔍 Checking: Daycare Main -> https://my.rishonlezion.muni.il/daycare/
2026-02-18 11:54:17,912 - INFO - ✅ Link OK: Daycare Main
2026-02-18 11:54:18,745 - INFO -   - Testing Daycare Tab 1 links
2026-02-18 11:54:19,926 - INFO -   - Navigating to Daycare Tab 2
2026-02-18 11:54:22,274 - INFO - 🔹 Step 2: Navigating to Education
2026-02-18 11:54:22,278 - INFO - 🔍 Checking: Education Main -> https://my.rishonlezion.muni.il/education/
2026-02-18 11:54:23,522 - INFO - ✅ Link OK: Education Main
2026-02-18 11:54:23,811 - INFO -   - Verifying Education content and Tab 1
2026-02-18 11:54:34,007 - INFO -   - Checking Education Tab: תיק תלמיד
2026-02-18 11:54:40,993 - INFO -     - Attempting login for ID: 123123127
2026-02-18 11:54:50,602 - INFO -     ✅ Login Successful
2026-02-18 11:55:07,460 - INFO -   - Checking Education Tab: תשלומים
2026-02-18 11:55:10,188 - INFO -   - Checking Education Tab: רישום חינוך יסודי
2026-02-18 11:55:12,872 - INFO - 🔹 Step 3: Checking Enforcement
2026-02-18 11:55:12,876 - INFO - 🔍 Checking: Enforcement Main -> https://my.rishonlezion.muni.il/enforcement/
2026-02-18 11:55:14,014 - INFO - ✅ Link OK: Enforcement Main
2026-02-18 11:55:14,606 - INFO - 🔹 Step 4: Checking Parking
2026-02-18 11:55:14,610 - INFO - 🔍 Checking: Parking Main -> https://my.rishonlezion.muni.il/parking/
2026-02-18 11:55:15,420 - INFO - ✅ Link OK: Parking Main
2026-02-18 11:55:15,856 - INFO - 🔹 Step 5: Checking Street Info (GIS)
2026-02-18 11:55:15,860 - INFO - 🔍 Checking: Street Info Main -> https://my.rishonlezion.muni.il/street-info/
2026-02-18 11:55:16,976 - INFO - ✅ Link OK: Street Info Main
2026-02-18 11:55:17,296 - INFO -   - Performing street search validation
2026-02-18 11:55:19,717 - INFO -   - Expanding and verifying popup data
2026-02-18 11:55:19,847 - INFO - 🔹 Step 6: Checking Water Interface
2026-02-18 11:55:19,851 - INFO - 🔍 Checking: Water Main -> https://my.rishonlezion.muni.il/water/
2026-02-18 11:55:20,671 - INFO - ✅ Link OK: Water Main
2026-02-18 11:55:21,083 - INFO - 🎉 COMPLETED SUCCESSFULLY - Full system is healthy
