2026-02-25 07:01:13,595 - INFO - 🚀 STARTING Full System Flow Scan on PROD
2026-02-25 07:01:13,624 - INFO - 🔹 Step 1: Navigating to Daycare
2026-02-25 07:01:13,628 - INFO - 🔍 Checking: Daycare Main -> https://my.rishonlezion.muni.il/daycare/
2026-02-25 07:01:14,978 - INFO - ✅ Link OK: Daycare Main
2026-02-25 07:01:34,329 - INFO - 🔹 Step 2: Navigating to Education
2026-02-25 07:01:34,335 - INFO - 🔍 Checking: Education Main -> https://my.rishonlezion.muni.il/education/
2026-02-25 07:01:37,824 - INFO - ✅ Link OK: Education Main
2026-02-25 07:02:07,358 - INFO -   - Checking Education Tab: תיק תלמיד
2026-02-25 07:02:27,490 - INFO -     ✅ Login Successful
2026-02-25 07:02:45,204 - INFO -   - Checking Education Tab: תשלומים
2026-02-25 07:02:47,885 - INFO -   - Checking Education Tab: רישום חינוך יסודי
2026-02-25 07:02:50,538 - INFO - 🔹 Step 3: Checking Enforcement
2026-02-25 07:02:50,545 - INFO - 🔍 Checking: Enforcement Main -> https://my.rishonlezion.muni.il/enforcement/
2026-02-25 07:02:51,894 - INFO - ✅ Link OK: Enforcement Main
2026-02-25 07:02:52,924 - INFO - 🔹 Step 4: Checking Parking
2026-02-25 07:02:52,930 - INFO - 🔍 Checking: Parking Main -> https://my.rishonlezion.muni.il/parking/
2026-02-25 07:02:53,725 - INFO - ✅ Link OK: Parking Main
2026-02-25 07:02:54,377 - INFO - 🔹 Step 5: Checking Street Info (GIS)
2026-02-25 07:02:54,382 - INFO - 🔍 Checking: Street Info Main -> https://my.rishonlezion.muni.il/street-info/
2026-02-25 07:02:55,149 - INFO - ✅ Link OK: Street Info Main
2026-02-25 07:03:00,319 - INFO - 🔹 Step 6: Checking Water Interface
2026-02-25 07:03:00,329 - INFO - 🔍 Checking: Water Main -> https://my.rishonlezion.muni.il/water/
2026-02-25 07:03:01,297 - INFO - ✅ Link OK: Water Main
2026-02-25 07:03:01,737 - INFO - 🎉 COMPLETED SUCCESSFULLY - Full system is healthy
