2026-02-28 07:01:13,329 - INFO - 🚀 STARTING Full System Flow Scan on PROD
2026-02-28 07:01:13,420 - INFO - 🔹 Step 1: Navigating to Daycare
2026-02-28 07:01:13,426 - INFO - 🔍 Checking: Daycare Main -> https://my.rishonlezion.muni.il/daycare/
2026-02-28 07:01:15,117 - INFO - ✅ Link OK: Daycare Main
2026-02-28 07:01:48,355 - INFO - 🔹 Step 2: Navigating to Education
2026-02-28 07:01:48,361 - INFO - 🔍 Checking: Education Main -> https://my.rishonlezion.muni.il/education/
2026-02-28 07:01:52,346 - INFO - ✅ Link OK: Education Main
2026-02-28 07:02:30,421 - INFO -   - Checking Education Tab: תיק תלמיד
2026-02-28 07:02:51,066 - INFO -     ✅ Login Successful
2026-02-28 07:03:10,379 - INFO -   - Checking Education Tab: תשלומים
2026-02-28 07:03:13,139 - INFO -   - Checking Education Tab: רישום חינוך יסודי
2026-02-28 07:03:15,789 - INFO - 🔹 Step 3: Checking Enforcement
2026-02-28 07:03:15,795 - INFO - 🔍 Checking: Enforcement Main -> https://my.rishonlezion.muni.il/enforcement/
2026-02-28 07:03:17,045 - INFO - ✅ Link OK: Enforcement Main
2026-02-28 07:03:17,777 - INFO - 🔹 Step 4: Checking Parking
2026-02-28 07:03:17,782 - INFO - 🔍 Checking: Parking Main -> https://my.rishonlezion.muni.il/parking/
2026-02-28 07:03:18,569 - INFO - ✅ Link OK: Parking Main
2026-02-28 07:03:19,106 - INFO - 🔹 Step 5: Checking Street Info (GIS)
2026-02-28 07:03:19,111 - INFO - 🔍 Checking: Street Info Main -> https://my.rishonlezion.muni.il/street-info/
2026-02-28 07:03:19,909 - INFO - ✅ Link OK: Street Info Main
2026-02-28 07:03:24,618 - INFO - 🔹 Step 6: Checking Water Interface
2026-02-28 07:03:24,626 - INFO - 🔍 Checking: Water Main -> https://my.rishonlezion.muni.il/water/
2026-02-28 07:03:25,712 - INFO - ✅ Link OK: Water Main
2026-02-28 07:03:26,512 - INFO - 🎉 COMPLETED SUCCESSFULLY - Full system is healthy
