2026-03-06 07:01:29,388 - INFO - 🚀 STARTING Full System Flow Scan on PROD
2026-03-06 07:01:29,585 - INFO - 🔹 Step 1: Navigating to Daycare
2026-03-06 07:01:29,592 - INFO - 🔍 Checking: Daycare Main -> https://my.rishonlezion.muni.il/daycare/
2026-03-06 07:01:35,248 - INFO - ✅ Link OK: Daycare Main
2026-03-06 07:01:43,159 - INFO - 🔹 Step 2: Navigating to Education
2026-03-06 07:01:43,164 - INFO - 🔍 Checking: Education Main -> https://my.rishonlezion.muni.il/education/
2026-03-06 07:01:46,675 - INFO - ✅ Link OK: Education Main
2026-03-06 07:02:39,474 - INFO -   - Checking Education Tab: תיק תלמיד
2026-03-06 07:02:56,211 - INFO -     ✅ Login Successful
2026-03-06 07:03:16,324 - INFO -   - Checking Education Tab: תשלומים
2026-03-06 07:03:19,058 - INFO -   - Checking Education Tab: רישום חינוך יסודי
2026-03-06 07:03:21,713 - INFO - 🔹 Step 3: Checking Enforcement
2026-03-06 07:03:21,719 - INFO - 🔍 Checking: Enforcement Main -> https://my.rishonlezion.muni.il/enforcement/
2026-03-06 07:03:22,892 - INFO - ✅ Link OK: Enforcement Main
2026-03-06 07:03:23,520 - INFO - 🔹 Step 4: Checking Parking
2026-03-06 07:03:23,525 - INFO - 🔍 Checking: Parking Main -> https://my.rishonlezion.muni.il/parking/
2026-03-06 07:03:24,286 - INFO - ✅ Link OK: Parking Main
2026-03-06 07:03:24,702 - INFO - 🔹 Step 5: Checking Street Info (GIS)
2026-03-06 07:03:24,706 - INFO - 🔍 Checking: Street Info Main -> https://my.rishonlezion.muni.il/street-info/
2026-03-06 07:03:25,659 - INFO - ✅ Link OK: Street Info Main
2026-03-06 07:03:29,666 - INFO - 🔹 Step 6: Checking Water Interface
2026-03-06 07:03:29,690 - INFO - 🔍 Checking: Water Main -> https://my.rishonlezion.muni.il/water/
2026-03-06 07:03:31,478 - INFO - ✅ Link OK: Water Main
2026-03-06 07:03:32,050 - INFO - 🎉 COMPLETED SUCCESSFULLY - Full system is healthy
