2026-03-05 07:00:59,441 - INFO - 🚀 STARTING Full System Flow Scan on PROD
2026-03-05 07:00:59,467 - INFO - 🔹 Step 1: Navigating to Daycare
2026-03-05 07:00:59,472 - INFO - 🔍 Checking: Daycare Main -> https://my.rishonlezion.muni.il/daycare/
2026-03-05 07:01:00,832 - INFO - ✅ Link OK: Daycare Main
2026-03-05 07:01:32,826 - INFO - 🔹 Step 2: Navigating to Education
2026-03-05 07:01:32,833 - INFO - 🔍 Checking: Education Main -> https://my.rishonlezion.muni.il/education/
2026-03-05 07:01:34,253 - INFO - ✅ Link OK: Education Main
2026-03-05 07:03:05,820 - INFO -   - Checking Education Tab: תיק תלמיד
2026-03-05 07:03:26,086 - INFO -     ✅ Login Successful
2026-03-05 07:03:46,911 - INFO -   - Checking Education Tab: תשלומים
2026-03-05 07:03:49,581 - INFO -   - Checking Education Tab: רישום חינוך יסודי
2026-03-05 07:03:52,263 - INFO - 🔹 Step 3: Checking Enforcement
2026-03-05 07:03:52,270 - INFO - 🔍 Checking: Enforcement Main -> https://my.rishonlezion.muni.il/enforcement/
2026-03-05 07:03:53,575 - INFO - ✅ Link OK: Enforcement Main
2026-03-05 07:03:54,147 - INFO - 🔹 Step 4: Checking Parking
2026-03-05 07:03:54,151 - INFO - 🔍 Checking: Parking Main -> https://my.rishonlezion.muni.il/parking/
2026-03-05 07:03:55,000 - INFO - ✅ Link OK: Parking Main
2026-03-05 07:03:55,479 - INFO - 🔹 Step 5: Checking Street Info (GIS)
2026-03-05 07:03:55,483 - INFO - 🔍 Checking: Street Info Main -> https://my.rishonlezion.muni.il/street-info/
2026-03-05 07:03:56,287 - INFO - ✅ Link OK: Street Info Main
2026-03-05 07:04:05,105 - INFO - 🔹 Step 6: Checking Water Interface
2026-03-05 07:04:05,110 - INFO - 🔍 Checking: Water Main -> https://my.rishonlezion.muni.il/water/
2026-03-05 07:04:06,086 - INFO - ✅ Link OK: Water Main
2026-03-05 07:04:06,495 - INFO - 🎉 COMPLETED SUCCESSFULLY - Full system is healthy
