2026-03-01 07:01:02,532 - INFO - 🚀 STARTING Full System Flow Scan on PROD
2026-03-01 07:01:02,581 - INFO - 🔹 Step 1: Navigating to Daycare
2026-03-01 07:01:02,587 - INFO - 🔍 Checking: Daycare Main -> https://my.rishonlezion.muni.il/daycare/
2026-03-01 07:01:03,873 - INFO - ✅ Link OK: Daycare Main
2026-03-01 07:01:27,697 - INFO - 🔹 Step 2: Navigating to Education
2026-03-01 07:01:27,707 - INFO - 🔍 Checking: Education Main -> https://my.rishonlezion.muni.il/education/
2026-03-01 07:01:31,598 - INFO - ✅ Link OK: Education Main
2026-03-01 07:02:01,765 - INFO -   - Checking Education Tab: תיק תלמיד
2026-03-01 07:02:22,094 - INFO -     ✅ Login Successful
2026-03-01 07:02:43,333 - INFO -   - Checking Education Tab: תשלומים
2026-03-01 07:02:46,046 - INFO -   - Checking Education Tab: רישום חינוך יסודי
2026-03-01 07:02:48,684 - INFO - 🔹 Step 3: Checking Enforcement
2026-03-01 07:02:48,689 - INFO - 🔍 Checking: Enforcement Main -> https://my.rishonlezion.muni.il/enforcement/
2026-03-01 07:02:50,554 - INFO - ✅ Link OK: Enforcement Main
2026-03-01 07:02:51,193 - INFO - 🔹 Step 4: Checking Parking
2026-03-01 07:02:51,197 - INFO - 🔍 Checking: Parking Main -> https://my.rishonlezion.muni.il/parking/
2026-03-01 07:02:51,990 - INFO - ✅ Link OK: Parking Main
2026-03-01 07:02:52,468 - INFO - 🔹 Step 5: Checking Street Info (GIS)
2026-03-01 07:02:52,473 - INFO - 🔍 Checking: Street Info Main -> https://my.rishonlezion.muni.il/street-info/
2026-03-01 07:02:53,250 - INFO - ✅ Link OK: Street Info Main
2026-03-01 07:02:57,633 - INFO - 🔹 Step 6: Checking Water Interface
2026-03-01 07:02:57,647 - INFO - 🔍 Checking: Water Main -> https://my.rishonlezion.muni.il/water/
2026-03-01 07:02:58,955 - INFO - ✅ Link OK: Water Main
2026-03-01 07:02:59,546 - INFO - 🎉 COMPLETED SUCCESSFULLY - Full system is healthy
