2026-02-24 07:01:31,293 - INFO - 🚀 STARTING Full System Flow Scan on PROD
2026-02-24 07:01:31,320 - INFO - 🔹 Step 1: Navigating to Daycare
2026-02-24 07:01:31,329 - INFO - 🔍 Checking: Daycare Main -> https://my.rishonlezion.muni.il/daycare/
2026-02-24 07:01:32,565 - INFO - ✅ Link OK: Daycare Main
2026-02-24 07:01:39,314 - INFO - 🔹 Step 2: Navigating to Education
2026-02-24 07:01:39,334 - INFO - 🔍 Checking: Education Main -> https://my.rishonlezion.muni.il/education/
2026-02-24 07:01:42,116 - INFO - ✅ Link OK: Education Main
2026-02-24 07:02:05,082 - INFO -   - Checking Education Tab: תיק תלמיד
2026-02-24 07:02:21,953 - INFO -     ✅ Login Successful
2026-02-24 07:02:38,820 - INFO -   - Checking Education Tab: תשלומים
2026-02-24 07:02:41,496 - INFO -   - Checking Education Tab: רישום חינוך יסודי
2026-02-24 07:02:44,210 - INFO - 🔹 Step 3: Checking Enforcement
2026-02-24 07:02:44,221 - INFO - 🔍 Checking: Enforcement Main -> https://my.rishonlezion.muni.il/enforcement/
2026-02-24 07:02:45,368 - INFO - ✅ Link OK: Enforcement Main
2026-02-24 07:02:45,981 - INFO - 🔹 Step 4: Checking Parking
2026-02-24 07:02:45,985 - INFO - 🔍 Checking: Parking Main -> https://my.rishonlezion.muni.il/parking/
2026-02-24 07:02:46,792 - INFO - ✅ Link OK: Parking Main
2026-02-24 07:02:47,333 - INFO - 🔹 Step 5: Checking Street Info (GIS)
2026-02-24 07:02:47,337 - INFO - 🔍 Checking: Street Info Main -> https://my.rishonlezion.muni.il/street-info/
2026-02-24 07:02:48,092 - INFO - ✅ Link OK: Street Info Main
2026-02-24 07:02:52,342 - INFO - 🔹 Step 6: Checking Water Interface
2026-02-24 07:02:52,347 - INFO - 🔍 Checking: Water Main -> https://my.rishonlezion.muni.il/water/
2026-02-24 07:02:53,189 - INFO - ✅ Link OK: Water Main
2026-02-24 07:02:53,671 - INFO - 🎉 COMPLETED SUCCESSFULLY - Full system is healthy
