2026-03-02 07:01:01,888 - INFO - 🚀 STARTING Full System Flow Scan on PROD
2026-03-02 07:01:01,923 - INFO - 🔹 Step 1: Navigating to Daycare
2026-03-02 07:01:01,927 - INFO - 🔍 Checking: Daycare Main -> https://my.rishonlezion.muni.il/daycare/
2026-03-02 07:01:03,315 - INFO - ✅ Link OK: Daycare Main
2026-03-02 07:01:29,505 - INFO - 🔹 Step 2: Navigating to Education
2026-03-02 07:01:29,510 - INFO - 🔍 Checking: Education Main -> https://my.rishonlezion.muni.il/education/
2026-03-02 07:01:31,029 - INFO - ✅ Link OK: Education Main
2026-03-02 07:01:53,924 - INFO -   - Checking Education Tab: תיק תלמיד
2026-03-02 07:02:25,266 - INFO -     ✅ Login Successful
2026-03-02 07:02:43,702 - INFO -   - Checking Education Tab: תשלומים
2026-03-02 07:02:46,380 - INFO -   - Checking Education Tab: רישום חינוך יסודי
2026-03-02 07:02:49,089 - INFO - 🔹 Step 3: Checking Enforcement
2026-03-02 07:02:49,094 - INFO - 🔍 Checking: Enforcement Main -> https://my.rishonlezion.muni.il/enforcement/
2026-03-02 07:02:50,243 - INFO - ✅ Link OK: Enforcement Main
2026-03-02 07:02:50,819 - INFO - 🔹 Step 4: Checking Parking
2026-03-02 07:02:50,823 - INFO - 🔍 Checking: Parking Main -> https://my.rishonlezion.muni.il/parking/
2026-03-02 07:02:51,648 - INFO - ✅ Link OK: Parking Main
2026-03-02 07:02:52,117 - INFO - 🔹 Step 5: Checking Street Info (GIS)
2026-03-02 07:02:52,121 - INFO - 🔍 Checking: Street Info Main -> https://my.rishonlezion.muni.il/street-info/
2026-03-02 07:02:52,895 - INFO - ✅ Link OK: Street Info Main
2026-03-02 07:02:57,046 - INFO - 🔹 Step 6: Checking Water Interface
2026-03-02 07:02:57,056 - INFO - 🔍 Checking: Water Main -> https://my.rishonlezion.muni.il/water/
2026-03-02 07:02:57,947 - INFO - ✅ Link OK: Water Main
2026-03-02 07:02:58,417 - INFO - 🎉 COMPLETED SUCCESSFULLY - Full system is healthy
