2026-02-22 07:01:20,237 - INFO - 🚀 STARTING Full System Flow Scan on PROD
2026-02-22 07:01:20,281 - INFO - 🔹 Step 1: Navigating to Daycare
2026-02-22 07:01:20,287 - INFO - 🔍 Checking: Daycare Main -> https://my.rishonlezion.muni.il/daycare/
2026-02-22 07:01:32,454 - INFO - ✅ Link OK: Daycare Main
2026-02-22 07:01:46,728 - INFO - 🔹 Step 2: Navigating to Education
2026-02-22 07:01:46,735 - INFO - 🔍 Checking: Education Main -> https://my.rishonlezion.muni.il/education/
2026-02-22 07:01:48,675 - INFO - ✅ Link OK: Education Main
2026-02-22 07:02:11,321 - INFO -   - Checking Education Tab: תיק תלמיד
2026-02-22 07:02:31,415 - INFO -     ✅ Login Successful
2026-02-22 07:02:49,554 - INFO -   - Checking Education Tab: תשלומים
2026-02-22 07:02:52,240 - INFO -   - Checking Education Tab: רישום חינוך יסודי
2026-02-22 07:02:54,880 - INFO - 🔹 Step 3: Checking Enforcement
2026-02-22 07:02:54,887 - INFO - 🔍 Checking: Enforcement Main -> https://my.rishonlezion.muni.il/enforcement/
2026-02-22 07:02:56,003 - INFO - ✅ Link OK: Enforcement Main
2026-02-22 07:02:56,676 - INFO - 🔹 Step 4: Checking Parking
2026-02-22 07:02:56,682 - INFO - 🔍 Checking: Parking Main -> https://my.rishonlezion.muni.il/parking/
2026-02-22 07:02:57,454 - INFO - ✅ Link OK: Parking Main
2026-02-22 07:02:58,253 - INFO - 🔹 Step 5: Checking Street Info (GIS)
2026-02-22 07:02:58,258 - INFO - 🔍 Checking: Street Info Main -> https://my.rishonlezion.muni.il/street-info/
2026-02-22 07:02:59,060 - INFO - ✅ Link OK: Street Info Main
2026-02-22 07:03:03,350 - INFO - 🔹 Step 6: Checking Water Interface
2026-02-22 07:03:03,357 - INFO - 🔍 Checking: Water Main -> https://my.rishonlezion.muni.il/water/
2026-02-22 07:03:05,081 - INFO - ✅ Link OK: Water Main
2026-02-22 07:03:05,973 - INFO - 🎉 COMPLETED SUCCESSFULLY - Full system is healthy
